<?xml version="1.0" encoding="UTF-8"?>
<!-- Generated by org.testng.reporters.JUnitReportReporter -->
<testsuite hostname="DESKTOP-U691P5C" failures="0" tests="1" name="lamdatestday1.WindowHandles" time="25.760" errors="0" timestamp="2024-04-17T15:03:26 IST" skipped="0">
  <testcase classname="lamdatestday1.WindowHandles" name="satUp" time="25.760"/>
</testsuite> <!-- lamdatestday1.WindowHandles -->
