<?xml version="1.0" encoding="UTF-8"?>
<!-- Generated by org.testng.reporters.JUnitReportReporter -->
<testsuite hostname="DESKTOP-U691P5C" failures="0" tests="1" name="day3.AlertExp" time="27.034" errors="0" timestamp="2024-04-10T14:41:20 IST" skipped="0">
  <testcase classname="day3.AlertExp" name="setUP" time="27.034"/>
</testsuite> <!-- day3.AlertExp -->
