<?xml version="1.0" encoding="UTF-8"?>
<!-- Generated by org.testng.reporters.JUnitReportReporter -->
<testsuite hostname="DESKTOP-U691P5C" failures="0" tests="1" name="lamdatestday1.FaceBookFeaildHighlight" time="16.793" errors="0" timestamp="2024-04-10T15:23:07 IST" skipped="0">
  <testcase classname="lamdatestday1.FaceBookFeaildHighlight" name="elementHighlight" time="16.793"/>
</testsuite> <!-- lamdatestday1.FaceBookFeaildHighlight -->
