<?xml version="1.0" encoding="UTF-8"?>
<!-- Generated by org.testng.reporters.JUnitReportReporter -->
<testsuite hostname="DESKTOP-U691P5C" failures="0" tests="1" name="day3.AlertDemo2" time="33.357" errors="0" timestamp="2024-04-22T12:32:33 IST" skipped="0">
  <testcase classname="day3.AlertDemo2" name="alert" time="33.357"/>
</testsuite> <!-- day3.AlertDemo2 -->
