<?xml version="1.0" encoding="UTF-8"?>
<!-- Generated by org.testng.reporters.JUnitReportReporter -->
<testsuite hostname="DESKTOP-U691P5C" failures="0" tests="1" name="lamdatestday1.inputvalues" time="27.501" errors="0" timestamp="2024-04-15T12:59:04 IST" skipped="0">
  <testcase classname="lamdatestday1.inputvalues" name="setUp" time="27.501"/>
</testsuite> <!-- lamdatestday1.inputvalues -->
