<?xml version="1.0" encoding="UTF-8"?>
<!-- Generated by org.testng.reporters.JUnitReportReporter -->
<testsuite hostname="DESKTOP-U691P5C" failures="0" tests="1" name="naveenAutomation.WindowHandle" time="17.284" errors="0" timestamp="2024-04-12T12:18:29 IST" skipped="0">
  <testcase classname="naveenAutomation.WindowHandle" name="windowHandles" time="17.284"/>
</testsuite> <!-- naveenAutomation.WindowHandle -->
