<?xml version="1.0" encoding="UTF-8"?>
<!-- Generated by org.testng.reporters.JUnitReportReporter -->
<testsuite hostname="DESKTOP-U691P5C" failures="0" tests="1" name="day3.WindowHandles" time="44.654" errors="0" timestamp="2024-04-19T10:40:05 IST" skipped="0">
  <testcase classname="day3.WindowHandles" name="setUp" time="44.654"/>
</testsuite> <!-- day3.WindowHandles -->
