<?xml version="1.0" encoding="UTF-8"?>
<!-- Generated by org.testng.reporters.JUnitReportReporter -->
<testsuite hostname="DESKTOP-U691P5C" failures="0" tests="1" name="day4.AutomaticLoginFunction" time="24.332" errors="1" timestamp="2024-10-01T16:56:01 IST" skipped="0">
  <testcase classname="day4.AutomaticLoginFunction" name="automaticLoginApplication" time="24.332">
    <error message="Error {
  message=&#039;Provide an object with a `url`, `path` or `content` property
  name=&#039;Error
  stack=&#039;Error: Provide an object with a `url`, `path` or `content` property
    at Frame.addScriptTag (C:\Users\Admin\AppData\Local\Temp\playwright-java-6688512581225334005\package\lib\server\frames.js:801:33)
    at FrameDispatcher.addScriptTag (C:\Users\Admin\AppData\Local\Temp\playwright-java-6688512581225334005\package\lib\server\dispatchers\frameDispatcher.js:145:95)
    at DispatcherConnection.dispatch (C:\Users\Admin\AppData\Local\Temp\playwright-java-6688512581225334005\package\lib\server\dispatchers\dispatcher.js:313:46)
}" type="com.microsoft.playwright.PlaywrightException">
      <![CDATA[com.microsoft.playwright.PlaywrightException: Error {
  message='Provide an object with a `url`, `path` or `content` property
  name='Error
  stack='Error: Provide an object with a `url`, `path` or `content` property
    at Frame.addScriptTag (C:\Users\Admin\AppData\Local\Temp\playwright-java-6688512581225334005\package\lib\server\frames.js:801:33)
    at FrameDispatcher.addScriptTag (C:\Users\Admin\AppData\Local\Temp\playwright-java-6688512581225334005\package\lib\server\dispatchers\frameDispatcher.js:145:95)
    at DispatcherConnection.dispatch (C:\Users\Admin\AppData\Local\Temp\playwright-java-6688512581225334005\package\lib\server\dispatchers\dispatcher.js:313:46)
}
at com.microsoft.playwright.impl.WaitableResult.get(WaitableResult.java:54)
at com.microsoft.playwright.impl.ChannelOwner.runUntil(ChannelOwner.java:111)
at com.microsoft.playwright.impl.Connection.sendMessage(Connection.java:126)
at com.microsoft.playwright.impl.ChannelOwner.sendMessage(ChannelOwner.java:102)
at com.microsoft.playwright.impl.FrameImpl.addScriptTagImpl(FrameImpl.java:192)
at com.microsoft.playwright.impl.FrameImpl.lambda$addScriptTag$5(FrameImpl.java:172)
at com.microsoft.playwright.impl.LoggingSupport.withLogging(LoggingSupport.java:47)
at com.microsoft.playwright.impl.ChannelOwner.withLogging(ChannelOwner.java:87)
at com.microsoft.playwright.impl.FrameImpl.addScriptTag(FrameImpl.java:172)
at com.microsoft.playwright.Frame.addScriptTag(Frame.java:2401)
at day4.AutomaticLoginFunction.automaticLoginApplication(AutomaticLoginFunction.java:44)
at java.base/jdk.internal.reflect.NativeMethodAccessorImpl.invoke0(Native Method)
at java.base/jdk.internal.reflect.NativeMethodAccessorImpl.invoke(NativeMethodAccessorImpl.java:77)
at java.base/jdk.internal.reflect.DelegatingMethodAccessorImpl.invoke(DelegatingMethodAccessorImpl.java:43)
at java.base/java.lang.reflect.Method.invoke(Method.java:568)
at org.testng.internal.invokers.MethodInvocationHelper.invokeMethod(MethodInvocationHelper.java:139)
at org.testng.internal.invokers.TestInvoker.invokeMethod(TestInvoker.java:664)
at org.testng.internal.invokers.TestInvoker.invokeTestMethod(TestInvoker.java:228)
at org.testng.internal.invokers.MethodRunner.runInSequence(MethodRunner.java:63)
at org.testng.internal.invokers.TestInvoker$MethodInvocationAgent.invoke(TestInvoker.java:961)
at org.testng.internal.invokers.TestInvoker.invokeTestMethods(TestInvoker.java:201)
at org.testng.internal.invokers.TestMethodWorker.invokeTestMethods(TestMethodWorker.java:148)
at org.testng.internal.invokers.TestMethodWorker.run(TestMethodWorker.java:128)
at java.base/java.util.ArrayList.forEach(ArrayList.java:1511)
at org.testng.TestRunner.privateRun(TestRunner.java:819)
at org.testng.TestRunner.run(TestRunner.java:619)
at org.testng.SuiteRunner.runTest(SuiteRunner.java:443)
at org.testng.SuiteRunner.runSequentially(SuiteRunner.java:437)
at org.testng.SuiteRunner.privateRun(SuiteRunner.java:397)
at org.testng.SuiteRunner.run(SuiteRunner.java:336)
at org.testng.SuiteRunnerWorker.runSuite(SuiteRunnerWorker.java:52)
at org.testng.SuiteRunnerWorker.run(SuiteRunnerWorker.java:95)
at org.testng.TestNG.runSuitesSequentially(TestNG.java:1301)
at org.testng.TestNG.runSuitesLocally(TestNG.java:1228)
at org.testng.TestNG.runSuites(TestNG.java:1134)
at org.testng.TestNG.run(TestNG.java:1101)
at org.testng.remote.AbstractRemoteTestNG.run(AbstractRemoteTestNG.java:115)
at org.testng.remote.RemoteTestNG.initAndRun(RemoteTestNG.java:251)
at org.testng.remote.RemoteTestNG.main(RemoteTestNG.java:77)
Caused by: com.microsoft.playwright.impl.DriverException: Error {
  message='Provide an object with a `url`, `path` or `content` property
  name='Error
  stack='Error: Provide an object with a `url`, `path` or `content` property
    at Frame.addScriptTag (C:\Users\Admin\AppData\Local\Temp\playwright-java-6688512581225334005\package\lib\server\frames.js:801:33)
    at FrameDispatcher.addScriptTag (C:\Users\Admin\AppData\Local\Temp\playwright-java-6688512581225334005\package\lib\server\dispatchers\frameDispatcher.js:145:95)
    at DispatcherConnection.dispatch (C:\Users\Admin\AppData\Local\Temp\playwright-java-6688512581225334005\package\lib\server\dispatchers\dispatcher.js:313:46)
}
at com.microsoft.playwright.impl.Connection.dispatch(Connection.java:226)
at com.microsoft.playwright.impl.Connection.processOneMessage(Connection.java:206)
at com.microsoft.playwright.impl.ChannelOwner.runUntil(ChannelOwner.java:109)
... 37 more
]]>
    </error>
  </testcase> <!-- automaticLoginApplication -->
</testsuite> <!-- day4.AutomaticLoginFunction -->
