<?xml version="1.0" encoding="UTF-8"?>
<!-- Generated by org.testng.reporters.JUnitReportReporter -->
<testsuite hostname="DESKTOP-U691P5C" failures="0" tests="1" name="naveenAutomation.FileUpload" time="15.616" errors="0" timestamp="2024-04-15T11:35:25 IST" skipped="0">
  <testcase classname="naveenAutomation.FileUpload" name="upLoadFile" time="15.616"/>
</testsuite> <!-- naveenAutomation.FileUpload -->
