<?xml version="1.0" encoding="UTF-8"?>
<!-- Generated by org.testng.reporters.JUnitReportReporter -->
<testsuite hostname="DESKTOP-U691P5C" failures="0" tests="1" name="day3.Alerts" time="44.046" errors="0" timestamp="2024-10-01T11:41:56 IST" skipped="0">
  <testcase classname="day3.Alerts" name="setUp" time="44.046"/>
</testsuite> <!-- day3.Alerts -->
