<?xml version="1.0" encoding="UTF-8"?>
<!-- Generated by org.testng.reporters.JUnitReportReporter -->
<testsuite hostname="DESKTOP-U691P5C" failures="0" tests="1" name="day3.AlertDemo4" time="17.439" errors="0" timestamp="2024-04-22T14:13:35 IST" skipped="0">
  <testcase classname="day3.AlertDemo4" name="alert" time="17.439"/>
</testsuite> <!-- day3.AlertDemo4 -->
