<?xml version="1.0" encoding="UTF-8"?>
<!-- Generated by org.testng.reporters.JUnitReportReporter -->
<testsuite hostname="DESKTOP-U691P5C" failures="0" tests="1" name="day5.BrowserContextexp" time="18.177" errors="0" timestamp="2024-04-22T16:03:47 IST" skipped="0">
  <testcase classname="day5.BrowserContextexp" name="browserContext" time="18.177"/>
</testsuite> <!-- day5.BrowserContextexp -->
