<?xml version="1.0" encoding="UTF-8"?>
<!-- Generated by org.testng.reporters.JUnitReportReporter -->
<testsuite hostname="DESKTOP-U691P5C" failures="0" tests="1" name="demo1.Google" time="47.571" errors="0" timestamp="2024-04-22T10:42:28 IST" skipped="0">
  <testcase classname="demo1.Google" name="setUp" time="47.571"/>
</testsuite> <!-- demo1.Google -->
