<?xml version="1.0" encoding="UTF-8"?>
<!-- Generated by org.testng.reporters.JUnitReportReporter -->
<testsuite hostname="DESKTOP-U691P5C" failures="0" tests="1" name="day3.DropDown" time="21.168" errors="0" timestamp="2024-04-18T15:18:47 IST" skipped="0">
  <testcase classname="day3.DropDown" name="setUp" time="21.168"/>
</testsuite> <!-- day3.DropDown -->
