<?xml version="1.0" encoding="UTF-8"?>
<!-- Generated by org.testng.reporters.JUnitReportReporter -->
<testsuite hostname="DESKTOP-U691P5C" failures="0" tests="1" name="day4.LoginFunctions" time="26.125" errors="0" timestamp="2024-10-01T10:58:39 IST" skipped="0">
  <testcase classname="day4.LoginFunctions" name="loginPage" time="26.125"/>
</testsuite> <!-- day4.LoginFunctions -->
