<?xml version="1.0" encoding="UTF-8"?>
<!-- Generated by org.testng.reporters.JUnitReportReporter -->
<testsuite hostname="DESKTOP-U691P5C" failures="0" tests="1" name="naveenAutomation.Alerts" time="22.280" errors="0" timestamp="2024-04-12T11:32:14 IST" skipped="0">
  <testcase classname="naveenAutomation.Alerts" name="alertExamples" time="22.280"/>
</testsuite> <!-- naveenAutomation.Alerts -->
