<?xml version="1.0" encoding="UTF-8"?>
<!-- Generated by org.testng.reporters.JUnitReportReporter -->
<testsuite hostname="DESKTOP-U691P5C" failures="0" tests="1" name="day3.WindoHandleDemo" time="56.918" errors="0" timestamp="2024-04-25T17:50:59 IST" skipped="0">
  <testcase classname="day3.WindoHandleDemo" name="wniHandle" time="56.918"/>
</testsuite> <!-- day3.WindoHandleDemo -->
